This is pdfTeX, Version 3.14159265-2.6-1.40.18 (TeX Live 2017) (preloaded format=pdflatex 2017.11.8)  11 FEB 2018 16:43
entering extended mode
 restricted \write18 enabled.
 %&-line parsing enabled.
**VariableTransmissions.tex
(./VariableTransmissions.tex
LaTeX2e <2017-04-15>
Babel <3.10> and hyphenation patterns for 84 language(s) loaded.
(/usr/local/texlive/2017/texmf-dist/tex/latex/base/article.cls
Document Class: article 2014/09/29 v1.4h Standard LaTeX document class
(/usr/local/texlive/2017/texmf-dist/tex/latex/base/size10.clo
File: size10.clo 2014/09/29 v1.4h Standard LaTeX file (size option)
)
\c@part=\count79
\c@section=\count80
\c@subsection=\count81
\c@subsubsection=\count82
\c@paragraph=\count83
\c@subparagraph=\count84
\c@figure=\count85
\c@table=\count86
\abovecaptionskip=\skip41
\belowcaptionskip=\skip42
\bibindent=\dimen102
)
(/usr/local/texlive/2017/texmf-dist/tex/latex/base/fontenc.sty
Package: fontenc 2017/04/05 v2.0i Standard LaTeX package

(/usr/local/texlive/2017/texmf-dist/tex/latex/base/t1enc.def
File: t1enc.def 2017/04/05 v2.0i Standard LaTeX file
LaTeX Font Info:    Redeclaring font encoding T1 on input line 48.
))
(/usr/local/texlive/2017/texmf-dist/tex/latex/psnfss/mathpazo.sty
Package: mathpazo 2005/04/12 PSNFSS-v9.2a Palatino w/ Pazo Math (D.Puga, WaS) 
\symupright=\mathgroup4
)
(/usr/local/texlive/2017/texmf-dist/tex/latex/graphics/graphicx.sty
Package: graphicx 2014/10/28 v1.0g Enhanced LaTeX Graphics (DPC,SPQR)

(/usr/local/texlive/2017/texmf-dist/tex/latex/graphics/keyval.sty
Package: keyval 2014/10/28 v1.15 key=value parser (DPC)
\KV@toks@=\toks14
)
(/usr/local/texlive/2017/texmf-dist/tex/latex/graphics/graphics.sty
Package: graphics 2017/04/14 v1.1b Standard LaTeX Graphics (DPC,SPQR)

(/usr/local/texlive/2017/texmf-dist/tex/latex/graphics/trig.sty
Package: trig 2016/01/03 v1.10 sin cos tan (DPC)
)
(/usr/local/texlive/2017/texmf-dist/tex/latex/graphics-cfg/graphics.cfg
File: graphics.cfg 2016/06/04 v1.11 sample graphics configuration
)
Package graphics Info: Driver file: pdftex.def on input line 99.

(/usr/local/texlive/2017/texmf-dist/tex/latex/graphics-def/pdftex.def
File: pdftex.def 2017/01/12 v0.06k Graphics/color for pdfTeX

(/usr/local/texlive/2017/texmf-dist/tex/generic/oberdiek/infwarerr.sty
Package: infwarerr 2016/05/16 v1.4 Providing info/warning/error messages (HO)
)
(/usr/local/texlive/2017/texmf-dist/tex/generic/oberdiek/ltxcmds.sty
Package: ltxcmds 2016/05/16 v1.23 LaTeX kernel commands for general use (HO)
)
\Gread@gobject=\count87
))
\Gin@req@height=\dimen103
\Gin@req@width=\dimen104
)
(/usr/local/texlive/2017/texmf-dist/tex/latex/caption/caption.sty
Package: caption 2016/02/21 v3.3-144 Customizing captions (AR)

(/usr/local/texlive/2017/texmf-dist/tex/latex/caption/caption3.sty
Package: caption3 2016/05/22 v1.7-166 caption3 kernel (AR)
Package caption3 Info: TeX engine: e-TeX on input line 67.
\captionmargin=\dimen105
\captionmargin@=\dimen106
\captionwidth=\dimen107
\caption@tempdima=\dimen108
\caption@indent=\dimen109
\caption@parindent=\dimen110
\caption@hangindent=\dimen111
)
\c@ContinuedFloat=\count88
)
(/usr/local/texlive/2017/texmf-dist/tex/latex/adjustbox/adjustbox.sty
Package: adjustbox 2012/05/21 v1.0 Adjusting TeX boxes (trim, clip, ...)

(/usr/local/texlive/2017/texmf-dist/tex/latex/xkeyval/xkeyval.sty
Package: xkeyval 2014/12/03 v2.7a package option processing (HA)

(/usr/local/texlive/2017/texmf-dist/tex/generic/xkeyval/xkeyval.tex
(/usr/local/texlive/2017/texmf-dist/tex/generic/xkeyval/xkvutils.tex
\XKV@toks=\toks15
\XKV@tempa@toks=\toks16
)
\XKV@depth=\count89
File: xkeyval.tex 2014/12/03 v2.7a key=value parser (HA)
))
(/usr/local/texlive/2017/texmf-dist/tex/latex/adjustbox/adjcalc.sty
Package: adjcalc 2012/05/16 v1.1 Provides advanced setlength with multiple back
-ends (calc, etex, pgfmath)
)
(/usr/local/texlive/2017/texmf-dist/tex/latex/adjustbox/trimclip.sty
Package: trimclip 2012/05/16 v1.0 Trim and clip general TeX material

(/usr/local/texlive/2017/texmf-dist/tex/latex/collectbox/collectbox.sty
Package: collectbox 2012/05/17 v0.4b Collect macro arguments as boxes
\collectedbox=\box26
)
\tc@llx=\dimen112
\tc@lly=\dimen113
\tc@urx=\dimen114
\tc@ury=\dimen115
Package trimclip Info: Using driver 'tc-pdftex.def'.

(/usr/local/texlive/2017/texmf-dist/tex/latex/adjustbox/tc-pdftex.def
File: tc-pdftex.def 2012/05/13 v1.0 Clipping driver for pdftex
))
\adjbox@Width=\dimen116
\adjbox@Height=\dimen117
\adjbox@Depth=\dimen118
\adjbox@Totalheight=\dimen119

(/usr/local/texlive/2017/texmf-dist/tex/latex/ifoddpage/ifoddpage.sty
Package: ifoddpage 2016/04/23 v1.1 Conditionals for odd/even page detection
\c@checkoddpage=\count90
)
(/usr/local/texlive/2017/texmf-dist/tex/latex/varwidth/varwidth.sty
Package: varwidth 2009/03/30 ver 0.92;  Variable-width minipages
\@vwid@box=\box27
\sift@deathcycles=\count91
\@vwid@loff=\dimen120
\@vwid@roff=\dimen121
))
(/usr/local/texlive/2017/texmf-dist/tex/latex/xcolor/xcolor.sty
Package: xcolor 2016/05/11 v2.12 LaTeX color extensions (UK)

(/usr/local/texlive/2017/texmf-dist/tex/latex/graphics-cfg/color.cfg
File: color.cfg 2016/01/02 v1.6 sample color configuration
)
Package xcolor Info: Driver file: pdftex.def on input line 225.
Package xcolor Info: Model `cmy' substituted by `cmy0' on input line 1348.
Package xcolor Info: Model `hsb' substituted by `rgb' on input line 1352.
Package xcolor Info: Model `RGB' extended on input line 1364.
Package xcolor Info: Model `HTML' substituted by `rgb' on input line 1366.
Package xcolor Info: Model `Hsb' substituted by `hsb' on input line 1367.
Package xcolor Info: Model `tHsb' substituted by `hsb' on input line 1368.
Package xcolor Info: Model `HSB' substituted by `hsb' on input line 1369.
Package xcolor Info: Model `Gray' substituted by `gray' on input line 1370.
Package xcolor Info: Model `wave' substituted by `hsb' on input line 1371.
)
(/usr/local/texlive/2017/texmf-dist/tex/latex/tools/enumerate.sty
Package: enumerate 2015/07/23 v3.00 enumerate extensions (DPC)
\@enLab=\toks17
)
(/usr/local/texlive/2017/texmf-dist/tex/latex/geometry/geometry.sty
Package: geometry 2010/09/12 v5.6 Page Geometry

(/usr/local/texlive/2017/texmf-dist/tex/generic/oberdiek/ifpdf.sty
Package: ifpdf 2017/03/15 v3.2 Provides the ifpdf switch
)
(/usr/local/texlive/2017/texmf-dist/tex/generic/oberdiek/ifvtex.sty
Package: ifvtex 2016/05/16 v1.6 Detect VTeX and its facilities (HO)
Package ifvtex Info: VTeX not detected.
)
(/usr/local/texlive/2017/texmf-dist/tex/generic/ifxetex/ifxetex.sty
Package: ifxetex 2010/09/12 v0.6 Provides ifxetex conditional
)
\Gm@cnth=\count92
\Gm@cntv=\count93
\c@Gm@tempcnt=\count94
\Gm@bindingoffset=\dimen122
\Gm@wd@mp=\dimen123
\Gm@odd@mp=\dimen124
\Gm@even@mp=\dimen125
\Gm@layoutwidth=\dimen126
\Gm@layoutheight=\dimen127
\Gm@layouthoffset=\dimen128
\Gm@layoutvoffset=\dimen129
\Gm@dimlist=\toks18
)
(/usr/local/texlive/2017/texmf-dist/tex/latex/amsmath/amsmath.sty
Package: amsmath 2016/11/05 v2.16a AMS math features
\@mathmargin=\skip43

For additional information on amsmath, use the `?' option.
(/usr/local/texlive/2017/texmf-dist/tex/latex/amsmath/amstext.sty
Package: amstext 2000/06/29 v2.01 AMS text

(/usr/local/texlive/2017/texmf-dist/tex/latex/amsmath/amsgen.sty
File: amsgen.sty 1999/11/30 v2.0 generic functions
\@emptytoks=\toks19
\ex@=\dimen130
))
(/usr/local/texlive/2017/texmf-dist/tex/latex/amsmath/amsbsy.sty
Package: amsbsy 1999/11/29 v1.2d Bold Symbols
\pmbraise@=\dimen131
)
(/usr/local/texlive/2017/texmf-dist/tex/latex/amsmath/amsopn.sty
Package: amsopn 2016/03/08 v2.02 operator names
)
\inf@bad=\count95
LaTeX Info: Redefining \frac on input line 213.
\uproot@=\count96
\leftroot@=\count97
LaTeX Info: Redefining \overline on input line 375.
\classnum@=\count98
\DOTSCASE@=\count99
LaTeX Info: Redefining \ldots on input line 472.
LaTeX Info: Redefining \dots on input line 475.
LaTeX Info: Redefining \cdots on input line 596.
\Mathstrutbox@=\box28
\strutbox@=\box29
\big@size=\dimen132
LaTeX Font Info:    Redeclaring font encoding OML on input line 712.
LaTeX Font Info:    Redeclaring font encoding OMS on input line 713.
\macc@depth=\count100
\c@MaxMatrixCols=\count101
\dotsspace@=\muskip10
\c@parentequation=\count102
\dspbrk@lvl=\count103
\tag@help=\toks20
\row@=\count104
\column@=\count105
\maxfields@=\count106
\andhelp@=\toks21
\eqnshift@=\dimen133
\alignsep@=\dimen134
\tagshift@=\dimen135
\tagwidth@=\dimen136
\totwidth@=\dimen137
\lineht@=\dimen138
\@envbody=\toks22
\multlinegap=\skip44
\multlinetaggap=\skip45
\mathdisplay@stack=\toks23
LaTeX Info: Redefining \[ on input line 2817.
LaTeX Info: Redefining \] on input line 2818.
)
(/usr/local/texlive/2017/texmf-dist/tex/latex/amsfonts/amssymb.sty
Package: amssymb 2013/01/14 v3.01 AMS font symbols

(/usr/local/texlive/2017/texmf-dist/tex/latex/amsfonts/amsfonts.sty
Package: amsfonts 2013/01/14 v3.01 Basic AMSFonts support
\symAMSa=\mathgroup5
\symAMSb=\mathgroup6
LaTeX Font Info:    Overwriting math alphabet `\mathfrak' in version `bold'
(Font)                  U/euf/m/n --> U/euf/b/n on input line 106.
))
(/usr/local/texlive/2017/texmf-dist/tex/latex/base/textcomp.sty
Package: textcomp 2017/04/05 v2.0i Standard LaTeX package
Package textcomp Info: Sub-encoding information:
(textcomp)               5 = only ISO-Adobe without \textcurrency
(textcomp)               4 = 5 + \texteuro
(textcomp)               3 = 4 + \textohm
(textcomp)               2 = 3 + \textestimated + \textcurrency
(textcomp)               1 = TS1 - \textcircled - \t
(textcomp)               0 = TS1 (full)
(textcomp)             Font families with sub-encoding setting implement
(textcomp)             only a restricted character set as indicated.
(textcomp)             Family '?' is the default used for unknown fonts.
(textcomp)             See the documentation for details.
Package textcomp Info: Setting ? sub-encoding to TS1/1 on input line 79.

(/usr/local/texlive/2017/texmf-dist/tex/latex/base/ts1enc.def
File: ts1enc.def 2001/06/05 v3.0e (jk/car/fm) Standard LaTeX file
)
LaTeX Info: Redefining \oldstylenums on input line 334.
Package textcomp Info: Setting cmr sub-encoding to TS1/0 on input line 349.
Package textcomp Info: Setting cmss sub-encoding to TS1/0 on input line 350.
Package textcomp Info: Setting cmtt sub-encoding to TS1/0 on input line 351.
Package textcomp Info: Setting cmvtt sub-encoding to TS1/0 on input line 352.
Package textcomp Info: Setting cmbr sub-encoding to TS1/0 on input line 353.
Package textcomp Info: Setting cmtl sub-encoding to TS1/0 on input line 354.
Package textcomp Info: Setting ccr sub-encoding to TS1/0 on input line 355.
Package textcomp Info: Setting ptm sub-encoding to TS1/4 on input line 356.
Package textcomp Info: Setting pcr sub-encoding to TS1/4 on input line 357.
Package textcomp Info: Setting phv sub-encoding to TS1/4 on input line 358.
Package textcomp Info: Setting ppl sub-encoding to TS1/3 on input line 359.
Package textcomp Info: Setting pag sub-encoding to TS1/4 on input line 360.
Package textcomp Info: Setting pbk sub-encoding to TS1/4 on input line 361.
Package textcomp Info: Setting pnc sub-encoding to TS1/4 on input line 362.
Package textcomp Info: Setting pzc sub-encoding to TS1/4 on input line 363.
Package textcomp Info: Setting bch sub-encoding to TS1/4 on input line 364.
Package textcomp Info: Setting put sub-encoding to TS1/5 on input line 365.
Package textcomp Info: Setting uag sub-encoding to TS1/5 on input line 366.
Package textcomp Info: Setting ugq sub-encoding to TS1/5 on input line 367.
Package textcomp Info: Setting ul8 sub-encoding to TS1/4 on input line 368.
Package textcomp Info: Setting ul9 sub-encoding to TS1/4 on input line 369.
Package textcomp Info: Setting augie sub-encoding to TS1/5 on input line 370.
Package textcomp Info: Setting dayrom sub-encoding to TS1/3 on input line 371.
Package textcomp Info: Setting dayroms sub-encoding to TS1/3 on input line 372.

Package textcomp Info: Setting pxr sub-encoding to TS1/0 on input line 373.
Package textcomp Info: Setting pxss sub-encoding to TS1/0 on input line 374.
Package textcomp Info: Setting pxtt sub-encoding to TS1/0 on input line 375.
Package textcomp Info: Setting txr sub-encoding to TS1/0 on input line 376.
Package textcomp Info: Setting txss sub-encoding to TS1/0 on input line 377.
Package textcomp Info: Setting txtt sub-encoding to TS1/0 on input line 378.
Package textcomp Info: Setting lmr sub-encoding to TS1/0 on input line 379.
Package textcomp Info: Setting lmdh sub-encoding to TS1/0 on input line 380.
Package textcomp Info: Setting lmss sub-encoding to TS1/0 on input line 381.
Package textcomp Info: Setting lmssq sub-encoding to TS1/0 on input line 382.
Package textcomp Info: Setting lmvtt sub-encoding to TS1/0 on input line 383.
Package textcomp Info: Setting lmtt sub-encoding to TS1/0 on input line 384.
Package textcomp Info: Setting qhv sub-encoding to TS1/0 on input line 385.
Package textcomp Info: Setting qag sub-encoding to TS1/0 on input line 386.
Package textcomp Info: Setting qbk sub-encoding to TS1/0 on input line 387.
Package textcomp Info: Setting qcr sub-encoding to TS1/0 on input line 388.
Package textcomp Info: Setting qcs sub-encoding to TS1/0 on input line 389.
Package textcomp Info: Setting qpl sub-encoding to TS1/0 on input line 390.
Package textcomp Info: Setting qtm sub-encoding to TS1/0 on input line 391.
Package textcomp Info: Setting qzc sub-encoding to TS1/0 on input line 392.
Package textcomp Info: Setting qhvc sub-encoding to TS1/0 on input line 393.
Package textcomp Info: Setting futs sub-encoding to TS1/4 on input line 394.
Package textcomp Info: Setting futx sub-encoding to TS1/4 on input line 395.
Package textcomp Info: Setting futj sub-encoding to TS1/4 on input line 396.
Package textcomp Info: Setting hlh sub-encoding to TS1/3 on input line 397.
Package textcomp Info: Setting hls sub-encoding to TS1/3 on input line 398.
Package textcomp Info: Setting hlst sub-encoding to TS1/3 on input line 399.
Package textcomp Info: Setting hlct sub-encoding to TS1/5 on input line 400.
Package textcomp Info: Setting hlx sub-encoding to TS1/5 on input line 401.
Package textcomp Info: Setting hlce sub-encoding to TS1/5 on input line 402.
Package textcomp Info: Setting hlcn sub-encoding to TS1/5 on input line 403.
Package textcomp Info: Setting hlcw sub-encoding to TS1/5 on input line 404.
Package textcomp Info: Setting hlcf sub-encoding to TS1/5 on input line 405.
Package textcomp Info: Setting pplx sub-encoding to TS1/3 on input line 406.
Package textcomp Info: Setting pplj sub-encoding to TS1/3 on input line 407.
Package textcomp Info: Setting ptmx sub-encoding to TS1/4 on input line 408.
Package textcomp Info: Setting ptmj sub-encoding to TS1/4 on input line 409.
)
(/usr/local/texlive/2017/texmf-dist/tex/latex/upquote/upquote.sty
Package: upquote 2012/04/19 v1.3 upright-quote and grave-accent glyphs in verba
tim
)
(/usr/local/texlive/2017/texmf-dist/tex/latex/eurosym/eurosym.sty
Package: eurosym 1998/08/06 v1.1 European currency symbol ``Euro''
\@eurobox=\box30
)
(/usr/local/texlive/2017/texmf-dist/tex/latex/ucs/ucs.sty
Package: ucs 2013/05/11 v2.2 UCS: Unicode input support

(/usr/local/texlive/2017/texmf-dist/tex/latex/ucs/data/uni-global.def
File: uni-global.def 2013/05/13 UCS: Unicode global data
)
\uc@secondtry=\count107
\uc@combtoks=\toks24
\uc@combtoksb=\toks25
\uc@temptokena=\toks26
)
(/usr/local/texlive/2017/texmf-dist/tex/latex/base/inputenc.sty
Package: inputenc 2015/03/17 v1.2c Input encoding file
\inpenc@prehook=\toks27
\inpenc@posthook=\toks28

(/usr/local/texlive/2017/texmf-dist/tex/latex/ucs/utf8x.def
File: utf8x.def 2004/10/17 UCS: Input encoding UTF-8
))
(/usr/local/texlive/2017/texmf-dist/tex/latex/fancyvrb/fancyvrb.sty
Package: fancyvrb 2008/02/07

Style option: `fancyvrb' v2.7a, with DG/SPQR fixes, and firstline=lastline fix 
<2008/02/07> (tvz)
\FV@CodeLineNo=\count108
\FV@InFile=\read1
\FV@TabBox=\box31
\c@FancyVerbLine=\count109
\FV@StepNumber=\count110
\FV@OutFile=\write3
)
(/usr/local/texlive/2017/texmf-dist/tex/latex/oberdiek/grffile.sty
Package: grffile 2016/05/16 v1.17 Extended file name support for graphics (HO)

(/usr/local/texlive/2017/texmf-dist/tex/latex/oberdiek/kvoptions.sty
Package: kvoptions 2016/05/16 v3.12 Key value format for package options (HO)

(/usr/local/texlive/2017/texmf-dist/tex/generic/oberdiek/kvsetkeys.sty
Package: kvsetkeys 2016/05/16 v1.17 Key value parser (HO)

(/usr/local/texlive/2017/texmf-dist/tex/generic/oberdiek/etexcmds.sty
Package: etexcmds 2016/05/16 v1.6 Avoid name clashes with e-TeX commands (HO)

(/usr/local/texlive/2017/texmf-dist/tex/generic/oberdiek/ifluatex.sty
Package: ifluatex 2016/05/16 v1.4 Provides the ifluatex switch (HO)
Package ifluatex Info: LuaTeX not detected.
)
Package etexcmds Info: Could not find \expanded.
(etexcmds)             That can mean that you are not using pdfTeX 1.50 or
(etexcmds)             that some package has redefined \expanded.
(etexcmds)             In the latter case, load this package earlier.
)))
(/usr/local/texlive/2017/texmf-dist/tex/generic/oberdiek/pdftexcmds.sty
Package: pdftexcmds 2017/03/19 v0.25 Utility functions of pdfTeX for LuaTeX (HO
)
Package pdftexcmds Info: LuaTeX not detected.
Package pdftexcmds Info: \pdf@primitive is available.
Package pdftexcmds Info: \pdf@ifprimitive is available.
Package pdftexcmds Info: \pdfdraftmode found.
)
Package grffile Info: Option `multidot' is set to `true'.
Package grffile Info: Option `extendedchars' is set to `false'.
Package grffile Info: Option `space' is set to `true'.
Package grffile Info: \Gin@ii of package `graphicx' fixed on input line 486.
)
(/usr/local/texlive/2017/texmf-dist/tex/latex/hyperref/hyperref.sty
Package: hyperref 2017/03/14 v6.85a Hypertext links for LaTeX

(/usr/local/texlive/2017/texmf-dist/tex/generic/oberdiek/hobsub-hyperref.sty
Package: hobsub-hyperref 2016/05/16 v1.14 Bundle oberdiek, subset hyperref (HO)


(/usr/local/texlive/2017/texmf-dist/tex/generic/oberdiek/hobsub-generic.sty
Package: hobsub-generic 2016/05/16 v1.14 Bundle oberdiek, subset generic (HO)
Package: hobsub 2016/05/16 v1.14 Construct package bundles (HO)
Package hobsub Info: Skipping package `infwarerr' (already loaded).
Package hobsub Info: Skipping package `ltxcmds' (already loaded).
Package hobsub Info: Skipping package `ifluatex' (already loaded).
Package hobsub Info: Skipping package `ifvtex' (already loaded).
Package: intcalc 2016/05/16 v1.2 Expandable calculations with integers (HO)
Package hobsub Info: Skipping package `ifpdf' (already loaded).
Package hobsub Info: Skipping package `etexcmds' (already loaded).
Package hobsub Info: Skipping package `kvsetkeys' (already loaded).
Package: kvdefinekeys 2016/05/16 v1.4 Define keys (HO)
Package hobsub Info: Skipping package `pdftexcmds' (already loaded).
Package: pdfescape 2016/05/16 v1.14 Implements pdfTeX's escape features (HO)
Package: bigintcalc 2016/05/16 v1.4 Expandable calculations on big integers (HO
)
Package: bitset 2016/05/16 v1.2 Handle bit-vector datatype (HO)
Package: uniquecounter 2016/05/16 v1.3 Provide unlimited unique counter (HO)
)
Package hobsub Info: Skipping package `hobsub' (already loaded).
Package: letltxmacro 2016/05/16 v1.5 Let assignment for LaTeX macros (HO)
Package: hopatch 2016/05/16 v1.3 Wrapper for package hooks (HO)
Package: xcolor-patch 2016/05/16 xcolor patch
Package: atveryend 2016/05/16 v1.9 Hooks at the very end of document (HO)
Package atveryend Info: \enddocument detected (standard20110627).
Package: atbegshi 2016/06/09 v1.18 At begin shipout hook (HO)
Package: refcount 2016/05/16 v3.5 Data extraction from label references (HO)
Package: hycolor 2016/05/16 v1.8 Color options for hyperref/bookmark (HO)
)
(/usr/local/texlive/2017/texmf-dist/tex/latex/oberdiek/auxhook.sty
Package: auxhook 2016/05/16 v1.4 Hooks for auxiliary files (HO)
)
\@linkdim=\dimen139
\Hy@linkcounter=\count111
\Hy@pagecounter=\count112

(/usr/local/texlive/2017/texmf-dist/tex/latex/hyperref/pd1enc.def
File: pd1enc.def 2017/03/14 v6.85a Hyperref: PDFDocEncoding definition (HO)
)
\Hy@SavedSpaceFactor=\count113

(/usr/local/texlive/2017/texmf-dist/tex/latex/latexconfig/hyperref.cfg
File: hyperref.cfg 2002/06/06 v1.2 hyperref configuration of TeXLive
)
Package hyperref Info: Hyper figures OFF on input line 4498.
Package hyperref Info: Link nesting OFF on input line 4503.
Package hyperref Info: Hyper index ON on input line 4506.
Package hyperref Info: Plain pages OFF on input line 4513.
Package hyperref Info: Backreferencing OFF on input line 4518.
Package hyperref Info: Implicit mode ON; LaTeX internals redefined.
Package hyperref Info: Bookmarks ON on input line 4751.
\c@Hy@tempcnt=\count114

(/usr/local/texlive/2017/texmf-dist/tex/latex/url/url.sty
\Urlmuskip=\muskip11
Package: url 2013/09/16  ver 3.4  Verb mode for urls, etc.
)
LaTeX Info: Redefining \url on input line 5104.
\XeTeXLinkMargin=\dimen140
\Fld@menulength=\count115
\Field@Width=\dimen141
\Fld@charsize=\dimen142
Package hyperref Info: Hyper figures OFF on input line 6358.
Package hyperref Info: Link nesting OFF on input line 6363.
Package hyperref Info: Hyper index ON on input line 6366.
Package hyperref Info: backreferencing OFF on input line 6373.
Package hyperref Info: Link coloring OFF on input line 6378.
Package hyperref Info: Link coloring with OCG OFF on input line 6383.
Package hyperref Info: PDF/A mode OFF on input line 6388.
LaTeX Info: Redefining \ref on input line 6428.
LaTeX Info: Redefining \pageref on input line 6432.
\Hy@abspage=\count116
\c@Item=\count117
\c@Hfootnote=\count118
)

Package hyperref Message: Driver (autodetected): hpdftex.

(/usr/local/texlive/2017/texmf-dist/tex/latex/hyperref/hpdftex.def
File: hpdftex.def 2017/03/14 v6.85a Hyperref driver for pdfTeX
\Fld@listcount=\count119
\c@bookmark@seq@number=\count120

(/usr/local/texlive/2017/texmf-dist/tex/latex/oberdiek/rerunfilecheck.sty
Package: rerunfilecheck 2016/05/16 v1.8 Rerun checks for auxiliary files (HO)
Package uniquecounter Info: New unique counter `rerunfilecheck' on input line 2
82.
)
\Hy@SectionHShift=\skip46
)
(/usr/local/texlive/2017/texmf-dist/tex/latex/tools/longtable.sty
Package: longtable 2014/10/28 v4.11 Multi-page Table package (DPC)
\LTleft=\skip47
\LTright=\skip48
\LTpre=\skip49
\LTpost=\skip50
\LTchunksize=\count121
\LTcapwidth=\dimen143
\LT@head=\box32
\LT@firsthead=\box33
\LT@foot=\box34
\LT@lastfoot=\box35
\LT@cols=\count122
\LT@rows=\count123
\c@LT@tables=\count124
\c@LT@chunks=\count125
\LT@p@ftn=\toks29
)
(/usr/local/texlive/2017/texmf-dist/tex/latex/booktabs/booktabs.sty
Package: booktabs 2016/04/27 v1.618033 publication quality tables
\heavyrulewidth=\dimen144
\lightrulewidth=\dimen145
\cmidrulewidth=\dimen146
\belowrulesep=\dimen147
\belowbottomsep=\dimen148
\aboverulesep=\dimen149
\abovetopsep=\dimen150
\cmidrulesep=\dimen151
\cmidrulekern=\dimen152
\defaultaddspace=\dimen153
\@cmidla=\count126
\@cmidlb=\count127
\@aboverulesep=\dimen154
\@belowrulesep=\dimen155
\@thisruleclass=\count128
\@lastruleclass=\count129
\@thisrulewidth=\dimen156
)
(/usr/local/texlive/2017/texmf-dist/tex/latex/enumitem/enumitem.sty
Package: enumitem 2011/09/28 v3.5.2 Customized lists
\labelindent=\skip51
\enit@outerparindent=\dimen157
\enit@toks=\toks30
\enit@inbox=\box36
\enitdp@description=\count130
)
(/usr/local/texlive/2017/texmf-dist/tex/generic/ulem/ulem.sty
\UL@box=\box37
\UL@hyphenbox=\box38
\UL@skip=\skip52
\UL@hook=\toks31
\UL@height=\dimen158
\UL@pe=\count131
\UL@pixel=\dimen159
\ULC@box=\box39
Package: ulem 2012/05/18
\ULdepth=\dimen160
)
Package hyperref Info: Option `breaklinks' set `true' on input line 264.
Package hyperref Info: Option `colorlinks' set `true' on input line 264.

No file VariableTransmissions.aux.
\openout1 = `VariableTransmissions.aux'.

LaTeX Font Info:    Checking defaults for OML/cmm/m/it on input line 271.
LaTeX Font Info:    ... okay on input line 271.
LaTeX Font Info:    Checking defaults for T1/cmr/m/n on input line 271.
LaTeX Font Info:    ... okay on input line 271.
LaTeX Font Info:    Checking defaults for OT1/cmr/m/n on input line 271.
LaTeX Font Info:    ... okay on input line 271.
LaTeX Font Info:    Checking defaults for OMS/cmsy/m/n on input line 271.
LaTeX Font Info:    ... okay on input line 271.
LaTeX Font Info:    Checking defaults for OMX/cmex/m/n on input line 271.
LaTeX Font Info:    ... okay on input line 271.
LaTeX Font Info:    Checking defaults for U/cmr/m/n on input line 271.
LaTeX Font Info:    ... okay on input line 271.
LaTeX Font Info:    Checking defaults for TS1/cmr/m/n on input line 271.
LaTeX Font Info:    Try loading font information for TS1+cmr on input line 271.

(/usr/local/texlive/2017/texmf-dist/tex/latex/base/ts1cmr.fd
File: ts1cmr.fd 2014/09/29 v2.5h Standard LaTeX font definitions
)
LaTeX Font Info:    ... okay on input line 271.
LaTeX Font Info:    Checking defaults for PD1/pdf/m/n on input line 271.
LaTeX Font Info:    ... okay on input line 271.
LaTeX Font Info:    Try loading font information for T1+ppl on input line 271.

(/usr/local/texlive/2017/texmf-dist/tex/latex/psnfss/t1ppl.fd
File: t1ppl.fd 2001/06/04 font definitions for T1/ppl.
)
(/usr/local/texlive/2017/texmf-dist/tex/context/base/mkii/supp-pdf.mkii
[Loading MPS to PDF converter (version 2006.09.02).]
\scratchcounter=\count132
\scratchdimen=\dimen161
\scratchbox=\box40
\nofMPsegments=\count133
\nofMParguments=\count134
\everyMPshowfont=\toks32
\MPscratchCnt=\count135
\MPscratchDim=\dimen162
\MPnumerator=\count136
\makeMPintoPDFobject=\count137
\everyMPtoPDFconversion=\toks33
) (/usr/local/texlive/2017/texmf-dist/tex/latex/oberdiek/epstopdf-base.sty
Package: epstopdf-base 2016/05/15 v2.6 Base part for package epstopdf

(/usr/local/texlive/2017/texmf-dist/tex/latex/oberdiek/grfext.sty
Package: grfext 2016/05/16 v1.2 Manage graphics extensions (HO)
)
Package epstopdf-base Info: Redefining graphics rule for `.eps' on input line 4
38.
Package grfext Info: Graphics extension search list:
(grfext)             [.png,.pdf,.jpg,.mps,.jpeg,.jbig2,.jb2,.PNG,.PDF,.JPG,.JPE
G,.JBIG2,.JB2,.eps]
(grfext)             \AppendGraphicsExtensions on input line 456.

(/usr/local/texlive/2017/texmf-dist/tex/latex/latexconfig/epstopdf-sys.cfg
File: epstopdf-sys.cfg 2010/07/13 v1.3 Configuration of (r)epstopdf for TeX Liv
e
))
Package caption Info: Begin \AtBeginDocument code.
Package caption Info: hyperref package is loaded.
Package caption Info: longtable package is loaded.

(/usr/local/texlive/2017/texmf-dist/tex/latex/caption/ltcaption.sty
Package: ltcaption 2013/06/09 v1.4-94 longtable captions (AR)
)
Package caption Info: End \AtBeginDocument code.

*geometry* driver: auto-detecting
*geometry* detected driver: pdftex

Package geometry Warning: The marginal notes overrun the paper.
     Add 3.73001pt and more to the right margin.

*geometry* verbose mode - [ preamble ] result:
* driver: pdftex
* paper: <default>
* layout: <same size as paper>
* layoutoffset:(h,v)=(0.0pt,0.0pt)
* modes: 
* h-part:(L,W,R)=(72.26999pt, 469.75502pt, 72.26999pt)
* v-part:(T,H,B)=(72.26999pt, 650.43001pt, 72.26999pt)
* \paperwidth=614.295pt
* \paperheight=794.96999pt
* \textwidth=469.75502pt
* \textheight=650.43001pt
* \oddsidemargin=0.0pt
* \evensidemargin=0.0pt
* \topmargin=-37.0pt
* \headheight=12.0pt
* \headsep=25.0pt
* \topskip=10.0pt
* \footskip=30.0pt
* \marginparwidth=65.0pt
* \marginparsep=11.0pt
* \columnsep=10.0pt
* \skip\footins=9.0pt plus 4.0pt minus 2.0pt
* \hoffset=0.0pt
* \voffset=0.0pt
* \mag=1000
* \@twocolumnfalse
* \@twosidefalse
* \@mparswitchfalse
* \@reversemarginfalse
* (1in=72.27pt=25.4mm, 1cm=28.453pt)

(/usr/local/texlive/2017/texmf-dist/tex/latex/ucs/ucsencs.def
File: ucsencs.def 2011/01/21 Fixes to fontencodings LGR, T3
)
\AtBeginShipoutBox=\box41
Package hyperref Info: Link coloring ON on input line 271.

(/usr/local/texlive/2017/texmf-dist/tex/latex/hyperref/nameref.sty
Package: nameref 2016/05/21 v2.44 Cross-referencing by name of section

(/usr/local/texlive/2017/texmf-dist/tex/generic/oberdiek/gettitlestring.sty
Package: gettitlestring 2016/05/16 v1.5 Cleanup title references (HO)
)
\c@section@level=\count138
)
LaTeX Info: Redefining \ref on input line 271.
LaTeX Info: Redefining \pageref on input line 271.
LaTeX Info: Redefining \nameref on input line 271.
\@outlinefile=\write4
\openout4 = `VariableTransmissions.out'.

LaTeX Font Info:    Try loading font information for OT1+ppl on input line 279.


(/usr/local/texlive/2017/texmf-dist/tex/latex/psnfss/ot1ppl.fd
File: ot1ppl.fd 2001/06/04 font definitions for OT1/ppl.
)
LaTeX Font Info:    Try loading font information for OML+zplm on input line 279
.

(/usr/local/texlive/2017/texmf-dist/tex/latex/psnfss/omlzplm.fd
File: omlzplm.fd 2002/09/08 Fontinst v1.914 font definitions for OML/zplm.
)
LaTeX Font Info:    Try loading font information for OMS+zplm on input line 279
.

(/usr/local/texlive/2017/texmf-dist/tex/latex/psnfss/omszplm.fd
File: omszplm.fd 2002/09/08 Fontinst v1.914 font definitions for OMS/zplm.
)
LaTeX Font Info:    Try loading font information for OMX+zplm on input line 279
.

(/usr/local/texlive/2017/texmf-dist/tex/latex/psnfss/omxzplm.fd
File: omxzplm.fd 2002/09/08 Fontinst v1.914 font definitions for OMX/zplm.
)
LaTeX Font Info:    Try loading font information for OT1+zplm on input line 279
.

(/usr/local/texlive/2017/texmf-dist/tex/latex/psnfss/ot1zplm.fd
File: ot1zplm.fd 2002/09/08 Fontinst v1.914 font definitions for OT1/zplm.
)
LaTeX Font Info:    Font shape `U/msa/m/n' will be
(Font)              scaled to size 10.42007pt on input line 279.
LaTeX Font Info:    Font shape `U/msa/m/n' will be
(Font)              scaled to size 7.91925pt on input line 279.
LaTeX Font Info:    Font shape `U/msa/m/n' will be
(Font)              scaled to size 6.25204pt on input line 279.
LaTeX Font Info:    Font shape `U/msb/m/n' will be
(Font)              scaled to size 10.42007pt on input line 279.
LaTeX Font Info:    Font shape `U/msb/m/n' will be
(Font)              scaled to size 7.91925pt on input line 279.
LaTeX Font Info:    Font shape `U/msb/m/n' will be
(Font)              scaled to size 6.25204pt on input line 279.
LaTeX Font Info:    Font shape `U/msa/m/n' will be
(Font)              scaled to size 8.33606pt on input line 279.
LaTeX Font Info:    Font shape `U/msa/m/n' will be
(Font)              scaled to size 5.21004pt on input line 279.
LaTeX Font Info:    Font shape `U/msb/m/n' will be
(Font)              scaled to size 8.33606pt on input line 279.
LaTeX Font Info:    Font shape `U/msb/m/n' will be
(Font)              scaled to size 5.21004pt on input line 279.
LaTeX Font Info:    Try loading font information for T1+cmtt on input line 279.


(/usr/local/texlive/2017/texmf-dist/tex/latex/base/t1cmtt.fd
File: t1cmtt.fd 2014/09/29 v2.5h Standard LaTeX font definitions
)
LaTeX Font Info:    Font shape `T1/ppl/bx/n' in size <14.4> not available
(Font)              Font shape `T1/ppl/b/n' tried instead on input line 290.
 [1

{/usr/local/texlive/2017/texmf-var/fonts/map/pdftex/updmap/pdftex.map}]
LaTeX Font Info:    Font shape `T1/ppl/bx/n' in size <12> not available
(Font)              Font shape `T1/ppl/b/n' tried instead on input line 384.
LaTeX Font Info:    Font shape `U/msa/m/n' will be
(Font)              scaled to size 12.50409pt on input line 397.
LaTeX Font Info:    Font shape `U/msa/m/n' will be
(Font)              scaled to size 9.37807pt on input line 397.
LaTeX Font Info:    Font shape `U/msa/m/n' will be
(Font)              scaled to size 7.29405pt on input line 397.
LaTeX Font Info:    Font shape `U/msb/m/n' will be
(Font)              scaled to size 12.50409pt on input line 397.
LaTeX Font Info:    Font shape `U/msb/m/n' will be
(Font)              scaled to size 9.37807pt on input line 397.
LaTeX Font Info:    Font shape `U/msb/m/n' will be
(Font)              scaled to size 7.29405pt on input line 397.
 [2]
LaTeX Font Info:    Font shape `T1/ppl/bx/n' in size <10> not available
(Font)              Font shape `T1/ppl/b/n' tried instead on input line 458.

<VariableTransmissions_files/VariableTransmissions_8_0.pdf, id=42, 772.71498pt 
x 543.0005pt>
File: VariableTransmissions_files/VariableTransmissions_8_0.pdf Graphic file (t
ype pdf)
 <use VariableTransmissions_files/VariableTransmissions_8_0.pdf>
Package pdftex.def Info: VariableTransmissions_files/VariableTransmissions_8_0.
pdf used on input line 490.
(pdftex.def)             Requested size: 772.71309pt x 542.99916pt.

Underfull \hbox (badness 10000) in paragraph at lines 492--493

 []


<VariableTransmissions_files/VariableTransmissions_8_1.pdf, id=43, 788.56325pt 
x 539.2835pt>
File: VariableTransmissions_files/VariableTransmissions_8_1.pdf Graphic file (t
ype pdf)
 <use VariableTransmissions_files/VariableTransmissions_8_1.pdf>
Package pdftex.def Info: VariableTransmissions_files/VariableTransmissions_8_1.
pdf used on input line 495.
(pdftex.def)             Requested size: 788.56133pt x 539.28217pt.

[3 <./VariableTransmissions_files/VariableTransmissions_8_0.pdf>]
Underfull \hbox (badness 10000) in paragraph at lines 497--498

 []


<VariableTransmissions_files/VariableTransmissions_10_0.pdf, id=93, 772.71498pt
 x 543.0005pt>
File: VariableTransmissions_files/VariableTransmissions_10_0.pdf Graphic file (
type pdf)

<use VariableTransmissions_files/VariableTransmissions_10_0.pdf>
Package pdftex.def Info: VariableTransmissions_files/VariableTransmissions_10_0
.pdf used on input line 510.
(pdftex.def)             Requested size: 772.71309pt x 542.99916pt.
 [4 <./VariableTransmissions_files/VariableTransmissions_8_1.pdf>]
Underfull \hbox (badness 10000) in paragraph at lines 512--513

 []


<VariableTransmissions_files/VariableTransmissions_10_1.pdf, id=156, 788.56325p
t x 539.2835pt>
File: VariableTransmissions_files/VariableTransmissions_10_1.pdf Graphic file (
type pdf)

<use VariableTransmissions_files/VariableTransmissions_10_1.pdf>
Package pdftex.def Info: VariableTransmissions_files/VariableTransmissions_10_1
.pdf used on input line 515.
(pdftex.def)             Requested size: 788.56133pt x 539.28217pt.

Underfull \hbox (badness 10000) in paragraph at lines 517--518

 []

[5 <./VariableTransmissions_files/VariableTransmissions_10_0.pdf> <./VariableTr
ansmissions_files/VariableTransmissions_10_1.pdf

pdfTeX warning: pdflatex (file ./VariableTransmissions_files/VariableTransmissi
ons_10_1.pdf): PDF inclusion: multiple pdfs with page group included in a singl
e page
>]
<VariableTransmissions_files/VariableTransmissions_12_0.pdf, id=260, 772.71498p
t x 543.0005pt>
File: VariableTransmissions_files/VariableTransmissions_12_0.pdf Graphic file (
type pdf)

<use VariableTransmissions_files/VariableTransmissions_12_0.pdf>
Package pdftex.def Info: VariableTransmissions_files/VariableTransmissions_12_0
.pdf used on input line 529.
(pdftex.def)             Requested size: 772.71309pt x 542.99916pt.

Underfull \hbox (badness 10000) in paragraph at lines 531--532

 []


<VariableTransmissions_files/VariableTransmissions_12_1.pdf, id=261, 788.56325p
t x 539.2835pt>
File: VariableTransmissions_files/VariableTransmissions_12_1.pdf Graphic file (
type pdf)

<use VariableTransmissions_files/VariableTransmissions_12_1.pdf>
Package pdftex.def Info: VariableTransmissions_files/VariableTransmissions_12_1
.pdf used on input line 534.
(pdftex.def)             Requested size: 788.56133pt x 539.28217pt.
 [6 <./VariableTransmissions_files/VariableTransmissions_12_0.pdf>]
Underfull \hbox (badness 10000) in paragraph at lines 536--537

 []


</Users/coupon/projects/euclid/varTrans/doc/MegaCam/FiltersTransmissionVariabil
itySources.XGA.jpg, id=308, 925.056pt x 693.792pt>
File: /Users/coupon/projects/euclid/varTrans/doc/MegaCam/FiltersTransmissionVar
iabilitySources.XGA.jpg Graphic file (type jpg)

<use /Users/coupon/projects/euclid/varTrans/doc/MegaCam/FiltersTransmissionVari
abilitySources.XGA.jpg>
Package pdftex.def Info: /Users/coupon/projects/euclid/varTrans/doc/MegaCam/Fil
tersTransmissionVariabilitySources.XGA.jpg used on input line 552.
(pdftex.def)             Requested size: 375.80544pt x 281.8523pt.

<VariableTransmissions_files/VariableTransmissions_15_0.pdf, id=309, 772.71498p
t x 543.0005pt>
File: VariableTransmissions_files/VariableTransmissions_15_0.pdf Graphic file (
type pdf)

<use VariableTransmissions_files/VariableTransmissions_15_0.pdf>
Package pdftex.def Info: VariableTransmissions_files/VariableTransmissions_15_0
.pdf used on input line 571.
(pdftex.def)             Requested size: 772.71309pt x 542.99916pt.
 [7 <./VariableTransmissions_files/VariableTransmissions_12_1.pdf>]
Underfull \hbox (badness 10000) in paragraph at lines 573--574

 []


<VariableTransmissions_files/VariableTransmissions_15_1.pdf, id=369, 777.06718p
t x 539.2835pt>
File: VariableTransmissions_files/VariableTransmissions_15_1.pdf Graphic file (
type pdf)

<use VariableTransmissions_files/VariableTransmissions_15_1.pdf>
Package pdftex.def Info: VariableTransmissions_files/VariableTransmissions_15_1
.pdf used on input line 576.
(pdftex.def)             Requested size: 777.06529pt x 539.28217pt.
 [8 </Users/coupon/projects/euclid/varTrans/doc/MegaCam/FiltersTransmissionVari
abilitySources.XGA.jpg> <./VariableTransmissions_files/VariableTransmissions_15
_0.pdf>]
Underfull \hbox (badness 10000) in paragraph at lines 578--579

 []


<VariableTransmissions_files/VariableTransmissions_17_0.pdf, id=414, 772.71498p
t x 543.0005pt>
File: VariableTransmissions_files/VariableTransmissions_17_0.pdf Graphic file (
type pdf)

<use VariableTransmissions_files/VariableTransmissions_17_0.pdf>
Package pdftex.def Info: VariableTransmissions_files/VariableTransmissions_17_0
.pdf used on input line 588.
(pdftex.def)             Requested size: 772.71309pt x 542.99916pt.
 [9 <./VariableTransmissions_files/VariableTransmissions_15_1.pdf>]
Underfull \hbox (badness 10000) in paragraph at lines 590--591

 []


<VariableTransmissions_files/VariableTransmissions_17_1.pdf, id=480, 785.68532p
t x 539.2835pt>
File: VariableTransmissions_files/VariableTransmissions_17_1.pdf Graphic file (
type pdf)

<use VariableTransmissions_files/VariableTransmissions_17_1.pdf>
Package pdftex.def Info: VariableTransmissions_files/VariableTransmissions_17_1
.pdf used on input line 593.
(pdftex.def)             Requested size: 785.68341pt x 539.28217pt.

Underfull \hbox (badness 10000) in paragraph at lines 595--596

 []

[10 <./VariableTransmissions_files/VariableTransmissions_17_0.pdf> <./VariableT
ransmissions_files/VariableTransmissions_17_1.pdf

pdfTeX warning: pdflatex (file ./VariableTransmissions_files/VariableTransmissi
ons_17_1.pdf): PDF inclusion: multiple pdfs with page group included in a singl
e page
>]
LaTeX Font Info:    Try loading font information for TS1+ppl on input line 628.

 (/usr/local/texlive/2017/texmf-dist/tex/latex/psnfss/ts1ppl.fd
File: ts1ppl.fd 2001/06/04 font definitions for TS1/ppl.
)
<VariableTransmissions_files/VariableTransmissions_20_0.pdf, id=586, 761.2189pt
 x 564.4105pt>
File: VariableTransmissions_files/VariableTransmissions_20_0.pdf Graphic file (
type pdf)

<use VariableTransmissions_files/VariableTransmissions_20_0.pdf>
Package pdftex.def Info: VariableTransmissions_files/VariableTransmissions_20_0
.pdf used on input line 680.
(pdftex.def)             Requested size: 761.21704pt x 564.40912pt.
 [11]
Underfull \hbox (badness 10000) in paragraph at lines 682--683

 []


<VariableTransmissions_files/VariableTransmissions_20_1.pdf, id=603, 761.2189pt
 x 564.4105pt>
File: VariableTransmissions_files/VariableTransmissions_20_1.pdf Graphic file (
type pdf)

<use VariableTransmissions_files/VariableTransmissions_20_1.pdf>
Package pdftex.def Info: VariableTransmissions_files/VariableTransmissions_20_1
.pdf used on input line 685.
(pdftex.def)             Requested size: 761.21704pt x 564.40912pt.
 [12 <./VariableTransmissions_files/VariableTransmissions_20_0.pdf>]
Underfull \hbox (badness 10000) in paragraph at lines 687--688

 []


<VariableTransmissions_files/VariableTransmissions_20_2.pdf, id=676, 761.2189pt
 x 564.4105pt>
File: VariableTransmissions_files/VariableTransmissions_20_2.pdf Graphic file (
type pdf)

<use VariableTransmissions_files/VariableTransmissions_20_2.pdf>
Package pdftex.def Info: VariableTransmissions_files/VariableTransmissions_20_2
.pdf used on input line 690.
(pdftex.def)             Requested size: 761.21704pt x 564.40912pt.
 [13 <./VariableTransmissions_files/VariableTransmissions_20_1.pdf>]
Underfull \hbox (badness 10000) in paragraph at lines 692--693

 []


<VariableTransmissions_files/VariableTransmissions_20_3.pdf, id=749, 761.2189pt
 x 564.4105pt>
File: VariableTransmissions_files/VariableTransmissions_20_3.pdf Graphic file (
type pdf)

<use VariableTransmissions_files/VariableTransmissions_20_3.pdf>
Package pdftex.def Info: VariableTransmissions_files/VariableTransmissions_20_3
.pdf used on input line 695.
(pdftex.def)             Requested size: 761.21704pt x 564.40912pt.
 [14 <./VariableTransmissions_files/VariableTransmissions_20_2.pdf>]
Underfull \hbox (badness 10000) in paragraph at lines 697--698

 []


<VariableTransmissions_files/VariableTransmissions_22_1.pdf, id=820, 752.06754p
t x 539.2835pt>
File: VariableTransmissions_files/VariableTransmissions_22_1.pdf Graphic file (
type pdf)

<use VariableTransmissions_files/VariableTransmissions_22_1.pdf>
Package pdftex.def Info: VariableTransmissions_files/VariableTransmissions_22_1
.pdf used on input line 722.
(pdftex.def)             Requested size: 752.0657pt x 539.28217pt.
 [15 <./VariableTransmissions_files/VariableTransmissions_20_3.pdf>]
Underfull \hbox (badness 10000) in paragraph at lines 724--725

 []

[16 <./VariableTransmissions_files/VariableTransmissions_22_1.pdf>]pdfTeX warni
ng (ext4): destination with the same identifier (name{adopted-metric}) has been
 already used, duplicate ignored
<to be read again> 
                   \relax 
l.799 ...on{Adopted metric}\label{adopted-metric}}
                                                   [17]
<VariableTransmissions_files/VariableTransmissions_37_0.pdf, id=956, 764.089pt 
x 539.2835pt>
File: VariableTransmissions_files/VariableTransmissions_37_0.pdf Graphic file (
type pdf)
 <use VariableTransmissions_files/VariableTransmissions_37_0.pdf>
Package pdftex.def Info: VariableTransmissions_files/VariableTransmissions_37_0
.pdf used on input line 892.
(pdftex.def)             Requested size: 764.08714pt x 539.28217pt.

Underfull \hbox (badness 10000) in paragraph at lines 894--895

 []


<VariableTransmissions_files/VariableTransmissions_37_1.pdf, id=957, 764.089pt 
x 539.2835pt>
File: VariableTransmissions_files/VariableTransmissions_37_1.pdf Graphic file (
type pdf)
 <use VariableTransmissions_files/VariableTransmissions_37_1.pdf>
Package pdftex.def Info: VariableTransmissions_files/VariableTransmissions_37_1
.pdf used on input line 897.
(pdftex.def)             Requested size: 764.08714pt x 539.28217pt.

[18 <./VariableTransmissions_files/VariableTransmissions_37_0.pdf>]
Underfull \hbox (badness 10000) in paragraph at lines 899--900

 []


<VariableTransmissions_files/VariableTransmissions_39_1.pdf, id=1032, 734.19608
pt x 560.6935pt>
File: VariableTransmissions_files/VariableTransmissions_39_1.pdf Graphic file (
type pdf)

<use VariableTransmissions_files/VariableTransmissions_39_1.pdf>
Package pdftex.def Info: VariableTransmissions_files/VariableTransmissions_39_1
.pdf used on input line 940.
(pdftex.def)             Requested size: 734.19427pt x 560.69212pt.
 [19 <./VariableTransmissions_files/VariableTransmissions_37_1.pdf>]
Underfull \hbox (badness 10000) in paragraph at lines 942--943

 []


<VariableTransmissions_files/VariableTransmissions_41_0.pdf, id=1108, 779.22368
pt x 543.14166pt>
File: VariableTransmissions_files/VariableTransmissions_41_0.pdf Graphic file (
type pdf)

<use VariableTransmissions_files/VariableTransmissions_41_0.pdf>
Package pdftex.def Info: VariableTransmissions_files/VariableTransmissions_41_0
.pdf used on input line 973.
(pdftex.def)             Requested size: 779.22179pt x 543.14034pt.
 [20 <./VariableTransmissions_files/VariableTransmissions_39_1.pdf>]
Underfull \hbox (badness 10000) in paragraph at lines 975--976

 []


<VariableTransmissions_files/VariableTransmissions_41_1.pdf, id=1209, 779.22368
pt x 544.55318pt>
File: VariableTransmissions_files/VariableTransmissions_41_1.pdf Graphic file (
type pdf)

<use VariableTransmissions_files/VariableTransmissions_41_1.pdf>
Package pdftex.def Info: VariableTransmissions_files/VariableTransmissions_41_1
.pdf used on input line 978.
(pdftex.def)             Requested size: 779.22179pt x 544.55185pt.

Underfull \hbox (badness 10000) in paragraph at lines 980--981

 []

[21 <./VariableTransmissions_files/VariableTransmissions_41_0.pdf> <./VariableT
ransmissions_files/VariableTransmissions_41_1.pdf

pdfTeX warning: pdflatex (file ./VariableTransmissions_files/VariableTransmissi
ons_41_1.pdf): PDF inclusion: multiple pdfs with page group included in a singl
e page
>]
<VariableTransmissions_files/VariableTransmissions_41_2.pdf, id=1320, 779.22368
pt x 539.2835pt>
File: VariableTransmissions_files/VariableTransmissions_41_2.pdf Graphic file (
type pdf)

<use VariableTransmissions_files/VariableTransmissions_41_2.pdf>
Package pdftex.def Info: VariableTransmissions_files/VariableTransmissions_41_2
.pdf used on input line 983.
(pdftex.def)             Requested size: 779.22179pt x 539.28217pt.

Underfull \hbox (badness 10000) in paragraph at lines 985--986

 []


<VariableTransmissions_files/VariableTransmissions_41_3.pdf, id=1321, 779.22368
pt x 544.55318pt>
File: VariableTransmissions_files/VariableTransmissions_41_3.pdf Graphic file (
type pdf)

<use VariableTransmissions_files/VariableTransmissions_41_3.pdf>
Package pdftex.def Info: VariableTransmissions_files/VariableTransmissions_41_3
.pdf used on input line 988.
(pdftex.def)             Requested size: 779.22179pt x 544.55185pt.

Underfull \hbox (badness 10000) in paragraph at lines 990--991

 []

[22 <./VariableTransmissions_files/VariableTransmissions_41_2.pdf> <./VariableT
ransmissions_files/VariableTransmissions_41_3.pdf

pdfTeX warning: pdflatex (file ./VariableTransmissions_files/VariableTransmissi
ons_41_3.pdf): PDF inclusion: multiple pdfs with page group included in a singl
e page
>]pdfTeX warning (ext4): destination with the same identifier (name{scatter-plo
t}) has been already used, duplicate ignored
<to be read again> 
                   \relax 
l.1008 ...ction{Scatter plot}\label{scatter-plot}}
                                                  
<VariableTransmissions_files/VariableTransmissions_43_0.pdf, id=1433, 764.089pt
 x 543.14166pt>
File: VariableTransmissions_files/VariableTransmissions_43_0.pdf Graphic file (
type pdf)

<use VariableTransmissions_files/VariableTransmissions_43_0.pdf>
Package pdftex.def Info: VariableTransmissions_files/VariableTransmissions_43_0
.pdf used on input line 1016.
(pdftex.def)             Requested size: 764.08714pt x 543.14034pt.

Underfull \hbox (badness 10000) in paragraph at lines 1018--1019

 []

pdfTeX warning (ext4): destination with the same identifier (name{mean-redshift
}) has been already used, duplicate ignored
<to be read again> 
                   \relax 
l.1026 ...ion{Mean redshift}\label{mean-redshift}}
                                                  
<VariableTransmissions_files/VariableTransmissions_45_1.pdf, id=1434, 734.19608
pt x 560.6935pt>
File: VariableTransmissions_files/VariableTransmissions_45_1.pdf Graphic file (
type pdf)

<use VariableTransmissions_files/VariableTransmissions_45_1.pdf>
Package pdftex.def Info: VariableTransmissions_files/VariableTransmissions_45_1
.pdf used on input line 1043.
(pdftex.def)             Requested size: 734.19427pt x 560.69212pt.
 [23 <./VariableTransmissions_files/VariableTransmissions_43_0.pdf>]
Underfull \hbox (badness 10000) in paragraph at lines 1045--1046

 []


<VariableTransmissions_files/VariableTransmissions_48_0.pdf, id=1529, 793.59769
pt x 539.2835pt>
File: VariableTransmissions_files/VariableTransmissions_48_0.pdf Graphic file (
type pdf)

<use VariableTransmissions_files/VariableTransmissions_48_0.pdf>
Package pdftex.def Info: VariableTransmissions_files/VariableTransmissions_48_0
.pdf used on input line 1058.
(pdftex.def)             Requested size: 793.59575pt x 539.28217pt.
 [24 <./VariableTransmissions_files/VariableTransmissions_45_1.pdf>]
Underfull \hbox (badness 10000) in paragraph at lines 1060--1061

 []


<VariableTransmissions_files/VariableTransmissions_50_0.pdf, id=1625, 790.71974
pt x 539.2835pt>
File: VariableTransmissions_files/VariableTransmissions_50_0.pdf Graphic file (
type pdf)

<use VariableTransmissions_files/VariableTransmissions_50_0.pdf>
Package pdftex.def Info: VariableTransmissions_files/VariableTransmissions_50_0
.pdf used on input line 1065.
(pdftex.def)             Requested size: 790.7178pt x 539.28217pt.

Underfull \hbox (badness 10000) in paragraph at lines 1067--1068

 []


<VariableTransmissions_files/VariableTransmissions_50_1.pdf, id=1626, 790.71974
pt x 539.2835pt>
File: VariableTransmissions_files/VariableTransmissions_50_1.pdf Graphic file (
type pdf)

<use VariableTransmissions_files/VariableTransmissions_50_1.pdf>
Package pdftex.def Info: VariableTransmissions_files/VariableTransmissions_50_1
.pdf used on input line 1070.
(pdftex.def)             Requested size: 790.7178pt x 539.28217pt.
 [25 <./VariableTransmissions_files/VariableTransmissions_48_0.pdf> <./Variable
Transmissions_files/VariableTransmissions_50_0.pdf

pdfTeX warning: pdflatex (file ./VariableTransmissions_files/VariableTransmissi
ons_50_0.pdf): PDF inclusion: multiple pdfs with page group included in a singl
e page
>]
Underfull \hbox (badness 10000) in paragraph at lines 1072--1073

 []


<VariableTransmissions_files/VariableTransmissions_50_2.pdf, id=1743, 790.71974
pt x 539.2835pt>
File: VariableTransmissions_files/VariableTransmissions_50_2.pdf Graphic file (
type pdf)

<use VariableTransmissions_files/VariableTransmissions_50_2.pdf>
Package pdftex.def Info: VariableTransmissions_files/VariableTransmissions_50_2
.pdf used on input line 1075.
(pdftex.def)             Requested size: 790.7178pt x 539.28217pt.

Underfull \hbox (badness 10000) in paragraph at lines 1077--1078

 []


<VariableTransmissions_files/VariableTransmissions_50_3.pdf, id=1744, 790.71974
pt x 539.2835pt>
File: VariableTransmissions_files/VariableTransmissions_50_3.pdf Graphic file (
type pdf)

<use VariableTransmissions_files/VariableTransmissions_50_3.pdf>
Package pdftex.def Info: VariableTransmissions_files/VariableTransmissions_50_3
.pdf used on input line 1080.
(pdftex.def)             Requested size: 790.7178pt x 539.28217pt.
 [26 <./VariableTransmissions_files/VariableTransmissions_50_1.pdf> <./Variable
Transmissions_files/VariableTransmissions_50_2.pdf

pdfTeX warning: pdflatex (file ./VariableTransmissions_files/VariableTransmissi
ons_50_2.pdf): PDF inclusion: multiple pdfs with page group included in a singl
e page
>]
Underfull \hbox (badness 10000) in paragraph at lines 1082--1083

 []


<VariableTransmissions_files/VariableTransmissions_52_0.pdf, id=1879, 793.59769
pt x 539.2835pt>
File: VariableTransmissions_files/VariableTransmissions_52_0.pdf Graphic file (
type pdf)

<use VariableTransmissions_files/VariableTransmissions_52_0.pdf>
Package pdftex.def Info: VariableTransmissions_files/VariableTransmissions_52_0
.pdf used on input line 1096.
(pdftex.def)             Requested size: 793.59575pt x 539.28217pt.
 [27 <./VariableTransmissions_files/VariableTransmissions_50_3.pdf>]
Underfull \hbox (badness 10000) in paragraph at lines 1098--1099

 []


<VariableTransmissions_files/VariableTransmissions_52_1.pdf, id=1946, 787.84966
pt x 539.2835pt>
File: VariableTransmissions_files/VariableTransmissions_52_1.pdf Graphic file (
type pdf)

<use VariableTransmissions_files/VariableTransmissions_52_1.pdf>
Package pdftex.def Info: VariableTransmissions_files/VariableTransmissions_52_1
.pdf used on input line 1101.
(pdftex.def)             Requested size: 787.84773pt x 539.28217pt.

Underfull \hbox (badness 10000) in paragraph at lines 1103--1104

 []


<VariableTransmissions_files/VariableTransmissions_52_2.pdf, id=1947, 776.35358
pt x 539.2835pt>
File: VariableTransmissions_files/VariableTransmissions_52_2.pdf Graphic file (
type pdf)

<use VariableTransmissions_files/VariableTransmissions_52_2.pdf>
Package pdftex.def Info: VariableTransmissions_files/VariableTransmissions_52_2
.pdf used on input line 1106.
(pdftex.def)             Requested size: 776.35168pt x 539.28217pt.
 [28 <./VariableTransmissions_files/VariableTransmissions_52_0.pdf> <./Variable
Transmissions_files/VariableTransmissions_52_1.pdf

pdfTeX warning: pdflatex (file ./VariableTransmissions_files/VariableTransmissi
ons_52_1.pdf): PDF inclusion: multiple pdfs with page group included in a singl
e page
>]
Underfull \hbox (badness 10000) in paragraph at lines 1108--1109

 []


<VariableTransmissions_files/VariableTransmissions_52_3.pdf, id=2053, 793.59769
pt x 539.2835pt>
File: VariableTransmissions_files/VariableTransmissions_52_3.pdf Graphic file (
type pdf)

<use VariableTransmissions_files/VariableTransmissions_52_3.pdf>
Package pdftex.def Info: VariableTransmissions_files/VariableTransmissions_52_3
.pdf used on input line 1111.
(pdftex.def)             Requested size: 793.59575pt x 539.28217pt.

Underfull \hbox (badness 10000) in paragraph at lines 1113--1114

 []

[29 <./VariableTransmissions_files/VariableTransmissions_52_2.pdf> <./VariableT
ransmissions_files/VariableTransmissions_52_3.pdf

pdfTeX warning: pdflatex (file ./VariableTransmissions_files/VariableTransmissi
ons_52_3.pdf): PDF inclusion: multiple pdfs with page group included in a singl
e page
>]
Package atveryend Info: Empty hook `BeforeClearDocument' on input line 1185.
 [30]
Package atveryend Info: Empty hook `AfterLastShipout' on input line 1185.
 (./VariableTransmissions.aux)
Package atveryend Info: Executing hook `AtVeryEndDocument' on input line 1185.
Package atveryend Info: Executing hook `AtEndAfterFileList' on input line 1185.



Package rerunfilecheck Warning: File `VariableTransmissions.out' has changed.
(rerunfilecheck)                Rerun to get outlines right
(rerunfilecheck)                or use package `bookmark'.

Package rerunfilecheck Info: Checksums for `VariableTransmissions.out':
(rerunfilecheck)             Before: <no file>
(rerunfilecheck)             After:  41237550BC4B153309A8E04DCECE1196;2516.

LaTeX Warning: Label(s) may have changed. Rerun to get cross-references right.

Package atveryend Info: Empty hook `AtVeryVeryEnd' on input line 1185.
 ) 
Here is how much of TeX's memory you used:
 11194 strings out of 492995
 174938 string characters out of 6132704
 271269 words of memory out of 5000000
 14420 multiletter control sequences out of 15000+600000
 43509 words of font info for 106 fonts, out of 8000000 for 9000
 1141 hyphenation exceptions out of 8191
 36i,8n,77p,398b,437s stack positions out of 5000i,500n,10000p,200000b,80000s
{/usr/local/texlive/2017/texmf-dist/fonts/enc/dvips/cm-super/cm-super-t1.enc}
{/usr/local/texlive/2017/texmf-dist/fonts/enc/dvips/base/8r.enc}</usr/local/tex
live/2017/texmf-dist/fonts/type1/public/amsfonts/cm/cmmi10.pfb></usr/local/texl
ive/2017/texmf-dist/fonts/type1/public/amsfonts/cm/cmr10.pfb></usr/local/texliv
e/2017/texmf-dist/fonts/type1/public/amsfonts/cm/cmsy10.pfb></usr/local/texlive
/2017/texmf-dist/fonts/type1/public/mathpazo/fplmr.pfb></usr/local/texlive/2017
/texmf-dist/fonts/type1/public/mathpazo/fplmri.pfb></usr/local/texlive/2017/tex
mf-dist/fonts/type1/public/cm-super/sftt0800.pfb></usr/local/texlive/2017/texmf
-dist/fonts/type1/public/cm-super/sftt1000.pfb></usr/local/texlive/2017/texmf-d
ist/fonts/type1/urw/palatino/uplb8a.pfb></usr/local/texlive/2017/texmf-dist/fon
ts/type1/urw/palatino/uplr8a.pfb></usr/local/texlive/2017/texmf-dist/fonts/type
1/urw/palatino/uplri8a.pfb>
Output written on VariableTransmissions.pdf (30 pages, 4022123 bytes).
PDF statistics:
 2224 PDF objects out of 2487 (max. 8388607)
 799 compressed objects within 8 object streams
 108 named destinations out of 1000 (max. 500000)
 171 words of extra memory for PDF output out of 10000 (max. 10000000)

